app0914/build/outputs/logs/manifest-merger-debug-report.txt
-- Merging decision tree log ---
manifest
ADDED from src\main\AndroidManifest.xml:2:1-191:12
	package
		ADDED from src\main\AndroidManifest.xml:3:5-34
		INJECTED from src\main\AndroidManifest.xml
		INJECTED from src\main\AndroidManifest.xml
	android:versionName
		ADDED from src\main\AndroidManifest.xml:5:5-32
		INJECTED from src\main\AndroidManifest.xml
		INJECTED from src\main\AndroidManifest.xml
	android:versionCode
		ADDED from src\main\AndroidManifest.xml:4:5-28
		INJECTED from src\main\AndroidManifest.xml
		INJECTED from src\main\AndroidManifest.xml
	xmlns:android
		ADDED from src\main\AndroidManifest.xml:2:11-69
uses-permission#android.permission.INTERNET
ADDED from src\main\AndroidManifest.xml:8:5-67
	android:name
		ADDED from src\main\AndroidManifest.xml:8:22-64
uses-permission#android.permission.READ_PHONE_STATE
ADDED from src\main\AndroidManifest.xml:9:5-75
	android:name
		ADDED from src\main\AndroidManifest.xml:9:22-72
uses-permission#android.permission.ACCESS_NETWORK_STATE
ADDED from src\main\AndroidManifest.xml:10:5-79
	android:name
		ADDED from src\main\AndroidManifest.xml:10:22-76
uses-permission#android.permission.RECEIVE_BOOT_COMPLETED
ADDED from src\main\AndroidManifest.xml:11:5-81
	android:name
		ADDED from src\main\AndroidManifest.xml:11:22-78
uses-permission#android.permission.BROADCAST_STICKY
ADDED from src\main\AndroidManifest.xml:12:5-75
	android:name
		ADDED from src\main\AndroidManifest.xml:12:22-72
uses-permission#android.permission.WRITE_SETTINGS
ADDED from src\main\AndroidManifest.xml:13:5-73
	android:name
		ADDED from src\main\AndroidManifest.xml:13:22-70
uses-permission#android.permission.VIBRATE
ADDED from src\main\AndroidManifest.xml:14:5-66
	android:name
		ADDED from src\main\AndroidManifest.xml:14:22-63
uses-permission#android.permission.WRITE_EXTERNAL_STORAGE
ADDED from src\main\AndroidManifest.xml:17:5-81
	android:name
		ADDED from src\main\AndroidManifest.xml:17:22-78
uses-permission#android.permission.ACCESS_DOWNLOAD_MANAGER
ADDED from src\main\AndroidManifest.xml:18:5-82
	android:name
		ADDED from src\main\AndroidManifest.xml:18:22-79
uses-permission#android.permission.DOWNLOAD_WITHOUT_NOTIFICATION
ADDED from src\main\AndroidManifest.xml:19:5-88
	android:name
		ADDED from src\main\AndroidManifest.xml:19:22-85
uses-permission#android.permission.SYSTEM_ALERT_WINDOW
ADDED from src\main\AndroidManifest.xml:20:5-78
	android:name
		ADDED from src\main\AndroidManifest.xml:20:22-75
uses-permission#android.permission.DISABLE_KEYGUARD
ADDED from src\main\AndroidManifest.xml:21:5-75
	android:name
		ADDED from src\main\AndroidManifest.xml:21:22-72
uses-permission#android.permission.ACCESS_COARSE_LOCATION
ADDED from src\main\AndroidManifest.xml:22:5-81
	android:name
		ADDED from src\main\AndroidManifest.xml:22:22-78
uses-permission#android.permission.ACCESS_WIFI_STATE
ADDED from src\main\AndroidManifest.xml:23:5-76
	android:name
		ADDED from src\main\AndroidManifest.xml:23:22-73
uses-permission#android.permission.ACCESS_FINE_LOCATION
ADDED from src\main\AndroidManifest.xml:24:5-79
	android:name
		ADDED from src\main\AndroidManifest.xml:24:22-76
uses-permission#android.permission.GET_TASKS
ADDED from src\main\AndroidManifest.xml:27:5-68
	android:name
		ADDED from src\main\AndroidManifest.xml:27:22-65
uses-permission#android.permission.WAKE_LOCK
ADDED from src\main\AndroidManifest.xml:28:5-68
	android:name
		ADDED from src\main\AndroidManifest.xml:28:22-65
uses-permission#android.permission.RECORD_AUDIO
ADDED from src\main\AndroidManifest.xml:29:5-71
	android:name
		ADDED from src\main\AndroidManifest.xml:29:22-68
uses-permission#android.permission.RECORD_VIDEO
ADDED from src\main\AndroidManifest.xml:30:5-71
	android:name
		ADDED from src\main\AndroidManifest.xml:30:22-68
uses-permission#android.permission.CAMERA
ADDED from src\main\AndroidManifest.xml:31:5-65
	android:name
		ADDED from src\main\AndroidManifest.xml:31:22-62
uses-feature#android.hardware.camera
ADDED from src\main\AndroidManifest.xml:33:5-60
	android:name
		ADDED from src\main\AndroidManifest.xml:33:19-57
uses-feature#android.hardware.camera.autofocus
ADDED from src\main\AndroidManifest.xml:34:5-70
	android:name
		ADDED from src\main\AndroidManifest.xml:34:19-67
application
ADDED from src\main\AndroidManifest.xml:37:5-189:19
MERGED from [com.android.support:support-v4:22.2.1] AndroidManifest.xml:22:5-20
MERGED from [com.android.support:design:22.2.1] AndroidManifest.xml:22:5-20
MERGED from [com.android.support:appcompat-v7:22.2.1] AndroidManifest.xml:22:5-20
MERGED from [com.android.support:support-v4:22.2.1] AndroidManifest.xml:22:5-20
MERGED from [com.android.support:support-v4:22.2.1] AndroidManifest.xml:22:5-20
MERGED from [com.android.support:palette-v7:22.2.1] AndroidManifest.xml:22:5-23:19
MERGED from [com.android.support:support-v4:22.2.1] AndroidManifest.xml:22:5-20
MERGED from [com.android.support:support-v4:22.2.1] AndroidManifest.xml:22:5-20
MERGED from [com.android.support:appcompat-v7:22.2.1] AndroidManifest.xml:22:5-20
MERGED from [com.android.support:support-v4:22.2.1] AndroidManifest.xml:22:5-20
MERGED from [com.android.support:cardview-v7:22.2.1] AndroidManifest.xml:22:5-20
MERGED from [com.android.support:appcompat-v7:22.2.1] AndroidManifest.xml:22:5-20
MERGED from [com.android.support:support-v4:22.2.1] AndroidManifest.xml:22:5-20
MERGED from [com.lsjwzh:materialloadingprogressbar:0.5.8-RELEASE] AndroidManifest.xml:11:5-12:19
MERGED from [com.android.support:appcompat-v7:22.2.1] AndroidManifest.xml:22:5-20
MERGED from [com.android.support:support-v4:22.2.1] AndroidManifest.xml:22:5-20
MERGED from [com.github.traex.rippleeffect:library:1.2.3] AndroidManifest.xml:12:5-20
	android:label
		ADDED from src\main\AndroidManifest.xml:41:9-41
	android:allowBackup
		ADDED from src\main\AndroidManifest.xml:39:9-35
	android:icon
		ADDED from src\main\AndroidManifest.xml:40:9-42
	android:theme
		ADDED from src\main\AndroidManifest.xml:42:9-40
	android:name
		ADDED from src\main\AndroidManifest.xml:38:9-57
activity#com.webcon.sus.activities.LoginActivityCompat
ADDED from src\main\AndroidManifest.xml:52:9-61:20
	android:screenOrientation
		ADDED from src\main\AndroidManifest.xml:55:13-49
	android:label
		ADDED from src\main\AndroidManifest.xml:54:13-45
	android:name
		ADDED from src\main\AndroidManifest.xml:53:13-73
intent-filter#android.intent.action.MAIN+android.intent.category.LAUNCHER+com.webcon.sus.activities.LoginActivityCompat
ADDED from src\main\AndroidManifest.xml:56:13-60:29
action#android.intent.action.MAIN
ADDED from src\main\AndroidManifest.xml:57:17-69
	android:name
		ADDED from src\main\AndroidManifest.xml:57:25-66
action#com.webcon.sus.activities.LoginActivityCompat
ADDED from src\main\AndroidManifest.xml:58:17-88
	android:name
		ADDED from src\main\AndroidManifest.xml:58:25-85
category#android.intent.category.LAUNCHER
ADDED from src\main\AndroidManifest.xml:59:17-77
	android:name
		ADDED from src\main\AndroidManifest.xml:59:27-74
activity#com.webcon.sus.activities.CameraMonitorAnnalActivity
ADDED from src\main\AndroidManifest.xml:66:9-69:52
	android:screenOrientation
		ADDED from src\main\AndroidManifest.xml:69:13-49
	android:label
		ADDED from src\main\AndroidManifest.xml:68:13-45
	android:name
		ADDED from src\main\AndroidManifest.xml:67:13-80
activity#com.webcon.sus.activities.PersonalInformationActivity
ADDED from src\main\AndroidManifest.xml:74:9-77:52
	android:screenOrientation
		ADDED from src\main\AndroidManifest.xml:77:13-49
	android:label
		ADDED from src\main\AndroidManifest.xml:76:13-45
	android:name
		ADDED from src\main\AndroidManifest.xml:75:13-81
receiver#com.webcon.sus.receiver.LogoutExitReceiver
ADDED from src\main\AndroidManifest.xml:90:9-96:20
	android:exported
		ADDED from src\main\AndroidManifest.xml:92:13-37
	android:name
		ADDED from src\main\AndroidManifest.xml:91:13-70
intent-filter#com.webcon.wp.personal.action.LogoutExitAction
ADDED from src\main\AndroidManifest.xml:93:13-95:29
action#com.webcon.wp.personal.action.LogoutExitAction
ADDED from src\main\AndroidManifest.xml:94:17-89
	android:name
		ADDED from src\main\AndroidManifest.xml:94:25-86
receiver#com.webcon.sus.receiver.NotificationClickReceiver
ADDED from src\main\AndroidManifest.xml:99:9-107:20
	android:exported
		ADDED from src\main\AndroidManifest.xml:101:13-37
	android:name
		ADDED from src\main\AndroidManifest.xml:100:13-77
intent-filter#com.webcon.wp.personal.action.AlarmNotificationClickAction
ADDED from src\main\AndroidManifest.xml:102:13-106:29
action#com.webcon.wp.personal.action.AlarmNotificationClickAction
ADDED from src\main\AndroidManifest.xml:105:17-101
	android:name
		ADDED from src\main\AndroidManifest.xml:105:25-98
receiver#com.webcon.sus.develop_test.audioTest.receiver_test.MyTestReceiver
ADDED from src\main\AndroidManifest.xml:108:9-114:20
	android:exported
		ADDED from src\main\AndroidManifest.xml:110:13-37
	android:name
		ADDED from src\main\AndroidManifest.xml:109:13-94
intent-filter#AAAAAAAAAAAAA
ADDED from src\main\AndroidManifest.xml:111:13-113:29
action#AAAAAAAAAAAAA
ADDED from src\main\AndroidManifest.xml:112:17-56
	android:name
		ADDED from src\main\AndroidManifest.xml:112:25-53
receiver#com.webcon.sus.receiver.NotificationStateReceiver
ADDED from src\main\AndroidManifest.xml:115:9-122:20
	android:exported
		ADDED from src\main\AndroidManifest.xml:117:13-37
	android:name
		ADDED from src\main\AndroidManifest.xml:116:13-77
intent-filter#com.webcon.wp.personal.action.AlarmNotificationDismissed+com.webcon.wp.personal.action.AlarmNotificationPop
ADDED from src\main\AndroidManifest.xml:118:13-121:29
action#com.webcon.wp.personal.action.AlarmNotificationPop
ADDED from src\main\AndroidManifest.xml:119:17-93
	android:name
		ADDED from src\main\AndroidManifest.xml:119:25-90
action#com.webcon.wp.personal.action.AlarmNotificationDismissed
ADDED from src\main\AndroidManifest.xml:120:17-99
	android:name
		ADDED from src\main\AndroidManifest.xml:120:25-96
activity#com.webcon.sus.activities.MainActivityCompat
ADDED from src\main\AndroidManifest.xml:125:9-129:61
	android:screenOrientation
		ADDED from src\main\AndroidManifest.xml:129:13-49
	android:label
		ADDED from src\main\AndroidManifest.xml:127:13-72
	android:launchMode
		ADDED from src\main\AndroidManifest.xml:128:13-44
	android:name
		ADDED from src\main\AndroidManifest.xml:126:13-72
activity#com.webcon.sus.activities.ExpelAudioActivity
ADDED from src\main\AndroidManifest.xml:132:9-136:61
	android:screenOrientation
		ADDED from src\main\AndroidManifest.xml:136:13-49
	android:label
		ADDED from src\main\AndroidManifest.xml:134:13-63
	android:launchMode
		ADDED from src\main\AndroidManifest.xml:135:13-44
	android:name
		ADDED from src\main\AndroidManifest.xml:133:13-72
activity#com.webcon.sus.activities.StationDetailsActivity
ADDED from src\main\AndroidManifest.xml:139:9-143:61
	android:screenOrientation
		ADDED from src\main\AndroidManifest.xml:143:13-49
	android:label
		ADDED from src\main\AndroidManifest.xml:141:13-67
	android:launchMode
		ADDED from src\main\AndroidManifest.xml:142:13-44
	android:name
		ADDED from src\main\AndroidManifest.xml:140:13-76
activity#com.webcon.sus.activities.StationInformationActivity
ADDED from src\main\AndroidManifest.xml:146:9-150:61
	android:screenOrientation
		ADDED from src\main\AndroidManifest.xml:150:13-49
	android:label
		ADDED from src\main\AndroidManifest.xml:148:13-71
	android:launchMode
		ADDED from src\main\AndroidManifest.xml:149:13-44
	android:name
		ADDED from src\main\AndroidManifest.xml:147:13-80
activity#com.webcon.sus.activities.DeviceInformationActivity
ADDED from src\main\AndroidManifest.xml:153:9-157:61
	android:screenOrientation
		ADDED from src\main\AndroidManifest.xml:157:13-49
	android:label
		ADDED from src\main\AndroidManifest.xml:155:13-70
	android:launchMode
		ADDED from src\main\AndroidManifest.xml:156:13-44
	android:name
		ADDED from src\main\AndroidManifest.xml:154:13-79
activity#com.webcon.sus.activities.MonitorActivityCompat
ADDED from src\main\AndroidManifest.xml:163:9-168:61
	android:screenOrientation
		ADDED from src\main\AndroidManifest.xml:168:13-49
	android:label
		ADDED from src\main\AndroidManifest.xml:166:13-76
	android:launchMode
		ADDED from src\main\AndroidManifest.xml:167:13-44
	android:configChanges
		ADDED from src\main\AndroidManifest.xml:165:13-63
	android:name
		ADDED from src\main\AndroidManifest.xml:164:13-75
activity#com.webcon.sus.activities.AlarmDetailsActivityCompat
ADDED from src\main\AndroidManifest.xml:169:9-177:20
	android:screenOrientation
		ADDED from src\main\AndroidManifest.xml:173:13-49
	android:label
		ADDED from src\main\AndroidManifest.xml:171:13-81
	android:launchMode
		ADDED from src\main\AndroidManifest.xml:172:13-44
	android:theme
		ADDED from src\main\AndroidManifest.xml:174:13-51
	android:name
		ADDED from src\main\AndroidManifest.xml:170:13-80
service#com.webcon.sus.service.CService
ADDED from src\main\AndroidManifest.xml:179:9-183:47
	android:enabled
		ADDED from src\main\AndroidManifest.xml:181:13-35
	android:exported
		ADDED from src\main\AndroidManifest.xml:182:13-37
	android:isolatedProcess
		ADDED from src\main\AndroidManifest.xml:183:13-44
	android:name
		ADDED from src\main\AndroidManifest.xml:180:13-59
activity#com.webcon.sus.develop_test.audioTest.AudioTestActivity
ADDED from src\main\AndroidManifest.xml:185:9-187:74
	android:label
		ADDED from src\main\AndroidManifest.xml:187:13-62
	android:name
		ADDED from src\main\AndroidManifest.xml:186:13-83
uses-sdk
INJECTED from src\main\AndroidManifest.xml reason: use-sdk injection requested
MERGED from [com.android.support:recyclerview-v7:22.2.1] AndroidManifest.xml:20:5-43
MERGED from [com.android.support:support-v4:22.2.1] AndroidManifest.xml:20:5-43
MERGED from [com.android.support:design:22.2.1] AndroidManifest.xml:20:5-43
MERGED from [com.android.support:appcompat-v7:22.2.1] AndroidManifest.xml:20:5-43
MERGED from [com.android.support:support-v4:22.2.1] AndroidManifest.xml:20:5-43
MERGED from [com.android.support:support-v4:22.2.1] AndroidManifest.xml:20:5-43
MERGED from [com.android.support:palette-v7:22.2.1] AndroidManifest.xml:20:5-43
MERGED from [com.android.support:support-v4:22.2.1] AndroidManifest.xml:20:5-43
MERGED from [com.android.support:support-v4:22.2.1] AndroidManifest.xml:20:5-43
MERGED from [com.android.support:appcompat-v7:22.2.1] AndroidManifest.xml:20:5-43
MERGED from [com.android.support:support-v4:22.2.1] AndroidManifest.xml:20:5-43
MERGED from [com.android.support:cardview-v7:22.2.1] AndroidManifest.xml:20:5-43
MERGED from [com.rengwuxian.materialedittext:library:2.1.4] AndroidManifest.xml:6:5-8:41
MERGED from [com.android.support:appcompat-v7:22.2.1] AndroidManifest.xml:20:5-43
MERGED from [com.android.support:support-v4:22.2.1] AndroidManifest.xml:20:5-43
MERGED from [com.lsjwzh:materialloadingprogressbar:0.5.8-RELEASE] AndroidManifest.xml:7:5-9:41
MERGED from [com.android.support:appcompat-v7:22.2.1] AndroidManifest.xml:20:5-43
MERGED from [com.android.support:support-v4:22.2.1] AndroidManifest.xml:20:5-43
MERGED from [com.github.traex.rippleeffect:library:1.2.3] AndroidManifest.xml:8:5-10:41
	android:targetSdkVersion
		INJECTED from src\main\AndroidManifest.xml
		INJECTED from src\main\AndroidManifest.xml
	android:minSdkVersion
		INJECTED from src\main\AndroidManifest.xml
		INJECTED from src\main\AndroidManifest.xml